<?xml version="1.0" encoding="UTF-8"?>
<!-- Generated by org.testng.reporters.JUnitXMLReporter -->
<testsuite ignored="0" hostname="DESKTOP-V773E8K" failures="0" tests="3" name="Test" time="5.235" errors="0" timestamp="2023-04-11T13:08:43 IST">
  <testcase classname="requestchanning.PostRequest" name="postReq" time="4.946"/>
  <testcase classname="requestchanning.PutUpdateProject" name="update" time="0.102"/>
  <testcase classname="requestchanning.DeleteProject" name="deleteProject" time="0.095"/>
</testsuite> <!-- Test -->
