<?xml version="1.0" encoding="UTF-8"?>
<testng-results ignored="3" total="4" passed="1" failed="0" skipped="0">
  <reporter-output>
  </reporter-output>
  <suite started-at="2023-04-19T17:38:17 IST" name="Default suite" finished-at="2023-04-19T17:38:21 IST" duration-ms="4372">
    <groups>
    </groups>
    <test started-at="2023-04-19T17:38:17 IST" name="Default test" finished-at="2023-04-19T17:38:21 IST" duration-ms="4372">
      <class name="ShopperStack.PostMethod">
        <test-method signature="get()[pri:3, instance:ShopperStack.PostMethod@759d26fb]" started-at="2023-04-19T17:38:17 IST" name="get" finished-at="2023-04-19T17:38:21 IST" duration-ms="4274" status="PASS">
          <reporter-output>
          </reporter-output>
        </test-method> <!-- get -->
      </class> <!-- ShopperStack.PostMethod -->
    </test> <!-- Default test -->
  </suite> <!-- Default suite -->
</testng-results>
