<?xml version="1.0" encoding="UTF-8"?>
<!-- Generated by org.testng.reporters.JUnitXMLReporter -->
<testsuite ignored="3" hostname="DESKTOP-V773E8K" failures="0" tests="1" name="Default test" time="4.372" errors="0" timestamp="2023-04-19T17:38:21 IST">
  <testcase classname="ShopperStack.PostMethod" name="get" time="4.274"/>
  <testcase classname="ShopperStack.PostMethod" name="patch" time="0.0">
    <ignored/>
  </testcase> <!-- patch -->
  <testcase classname="ShopperStack.PostMethod" name="post" time="0.0">
    <ignored/>
  </testcase> <!-- post -->
  <testcase classname="ShopperStack.PostMethod" name="login" time="0.0">
    <ignored/>
  </testcase> <!-- login -->
</testsuite> <!-- Default test -->
